4 192 3 150 2 178 155 65 156 183
124 23 2 78 183 93 6 1 179 3
2 147 198 24 20 156 183 3 4 72
2 4 133 166 3 111 34 80 6 62
64 89 5 4 162 2 172 194 3 166
124 2 3 97 13 183 66 24 148 9
2 3 189 105 4 146 31 155 153 35
144 2 159 31 4 183 59 87 142 12
89 2 156 45 167 160 33 78 6 3
2 4 1 51 142 105 80 116 54 88
3 165 2 32 95 189 162 47 72 155
2 179 125 61 38 5 167 4 189 3
2 3 59 125 149 154 51 111 1 134
2 32 12 13 3 47 73 72 45 183
87 61 2 31 3 50 179 38 4 171
2 183 78 24 112 55 3 4 164 13
1 2 144 114 170 153 3 146 142 174
2 107 74 5 3 80 150 4 155 102
189 2 165 3 166 89 45 140 4 192
183 189 160 2 3 5 165 4 32 29
183 2 3 158 153 7 29 190 4 170
5 6 3 183 122 188 45 163 7 32
2 4 173 35 183 3 170 179 161 177
4 156 2 32 3 21 165 183 45 41
199 183 3 2 134 76 173 105 24 29
183 170 29 2 3 142 4 127 105 1
191 78 8 2 179 12 3 5 163 30
189 45 78 5 165 4 32 90 166 139
2 3 5 29 179 4 142 167 197 21
29 2 127 183 3 1 80 105 65 189
2 34 62 3 4 184 148 10 48 99
183 58 3 8 2 4 65 32 159 190
2 4 70 29 3 174 42 127 78 167
2 64 161 31 3 76 179 87 114 86
134 12 2 42 29 127 3 142 4 94
2 4 14 3 183 176 167 9 50 72
29 183 4 3 127 2 42 70 164 142
99 182 56 3 2 82 80 14 139 7
3 32 13 6 5 189 4 2 165 45
5 2 110 123 178 3 111 4 26 6
3 2 116 33 37 125 66 144 88 181
2 142 167 3 73 4 29 13 5 38
89 194 4 172 64 2 1 6 129 3
6 32 45 189 2 3 183 156 4 165
2 129 166 29 12 24 144 162 148 4
33 2 153 3 115 4 139 163 6 104
95 2 3 189 183 4 199 165 35 173
29 183 142 4 5 3 197 42 70 1
2 4 179 3 167 73 189 136 174 13
144 2 4 196 12 3 142 183 94 29
2 31 179 80 142 4 102 193 174 191
29 2 183 3 114 1 155 4 5 170
189 3 2 156 45 139 6 32 168 7
3 2 124 183 24 29 179 112 55 143
3 156 4 5 2 32 45 21 41 189
6 63 3 164 4 183 77 44 2 1
183 2 29 127 42 4 105 190 70 1
190 42 70 3 29 4 78 2 183 6
5 183 3 4 198 190 2 29 12 142
183 99 3 2 4 159 42 127 139 10
3 2 198 27 114 105 5 20 183 72
29 170 142 183 3 155 2 80 10 105
3 4 2 183 142 42 107 80 99 31
173 35 2 4 124 199 64 155 95 183
29 2 127 3 105 1 142 148 42 183
13 183 2 66 127 29 3 164 112 70
3 2 189 5 4 6 32 111 85 118
23 124 78 2 3 167 173 144 191 197
4 2 133 158 190 3 153 33 6 147
155 4 159 2 146 15 147 148 189 3
98 159 100 3 2 4 147 5 68 189
3 190 2 134 84 12 107 189 4 133
2 7 78 3 150 31 139 8 99 56
42 162 29 183 27 64 26 7 5 109
2 29 155 4 6 8 183 133 190 5
157 2 131 3 24 183 4 98 29 1
2 5 87 75 12 105 3 127 142 29
2 6 1 3 108 142 29 102 177 88
156 133 2 4 194 3 189 52 64 153
3 4 29 2 189 5 147 70 72 142
189 3 45 159 190 44 98 85 95 153
2 189 156 95 109 21 3 45 32 116
2 1 29 5 183 70 66 167 127 114
104 2 28 4 190 65 88 54 3 36
62 3 5 34 20 4 2 198 6 156
2 12 3 70 155 29 42 45 72 30
45 41 189 21 3 4 32 5 156 2
167 2 73 13 3 164 86 5 66 4
2 189 3 95 62 165 45 160 116 34
2 167 179 3 87 4 97 1 75 174
159 68 147 48 2 139 100 6 140 98
64 194 3 2 89 146 172 4 6 200
154 2 199 3 176 42 49 127 8 29
2 3 76 21 179 124 152 8 155 114
189 2 32 165 3 160 4 21 5 156
2 4 157 131 161 83 181 40 98 116
29 183 42 3 4 127 14 2 70 142
189 78 45 2 3 32 4 8 165 6
78 3 191 2 1 149 29 4 127 20
167 2 73 3 86 4 132 1 63 142
